[debug] [2024-08-23T03:03:10.938Z] ----------------------------------------------------------------------
[debug] [2024-08-23T03:03:10.946Z] Command:       /opt/homebrew/Cellar/node/21.1.0/bin/node /Users/Hei/Documents/studentweb.cencol.ca:tkwok15:/Mini Game/node_modules/.bin/firebase init hosting
[debug] [2024-08-23T03:03:10.947Z] CLI Version:   12.5.1
[debug] [2024-08-23T03:03:10.947Z] Platform:      darwin
[debug] [2024-08-23T03:03:10.947Z] Node Version:  v21.1.0
[debug] [2024-08-23T03:03:10.947Z] Time:          Thu Aug 22 2024 23:03:10 GMT-0400 (Eastern Daylight Time)
[debug] [2024-08-23T03:03:10.948Z] ----------------------------------------------------------------------
[debug] 
[debug] [2024-08-23T03:03:10.950Z] >>> [apiv2][query] GET https://firebase-public.firebaseio.com/cli.json [none]
[debug] [2024-08-23T03:03:11.038Z] > command requires scopes: ["email","openid","https://www.googleapis.com/auth/cloudplatformprojects.readonly","https://www.googleapis.com/auth/firebase","https://www.googleapis.com/auth/cloud-platform"]
[debug] [2024-08-23T03:03:11.038Z] > authorizing via signed-in user (heititanic@gmail.com)
[info] 
     ######## #### ########  ######## ########     ###     ######  ########
     ##        ##  ##     ## ##       ##     ##  ##   ##  ##       ##
     ######    ##  ########  ######   ########  #########  ######  ######
     ##        ##  ##    ##  ##       ##     ## ##     ##       ## ##
     ##       #### ##     ## ######## ########  ##     ##  ######  ########

You're about to initialize a Firebase project in this directory:

  /Users/Hei/Documents/studentweb.cencol.ca:tkwok15:/Mini Game

Before we get started, keep in mind:

  * You are initializing within an existing Firebase project directory

[info] 
=== Project Setup
[info] 
[info] First, let's associate this project directory with a Firebase project.
[info] You can create multiple project aliases by running firebase use --add, 
[info] but for now we'll just set up a default project.
[info] 
[debug] [2024-08-23T03:03:11.040Z] Using project from CLI flag: mastermind2-chaotic-evil
[debug] [2024-08-23T03:03:11.041Z] > refreshing access token with scopes: []
[debug] [2024-08-23T03:03:11.041Z] >>> [apiv2][query] POST https://www.googleapis.com/oauth2/v3/token [none]
[debug] [2024-08-23T03:03:11.041Z] >>> [apiv2][body] POST https://www.googleapis.com/oauth2/v3/token [omitted]
[debug] [2024-08-23T03:03:11.159Z] <<< [apiv2][status] POST https://www.googleapis.com/oauth2/v3/token 400
[debug] [2024-08-23T03:03:11.159Z] <<< [apiv2][body] POST https://www.googleapis.com/oauth2/v3/token [omitted]
[debug] [2024-08-23T03:03:11.160Z] >>> [apiv2][query] GET https://firebase.googleapis.com/v1beta1/projects/mastermind2-chaotic-evil [none]
[debug] [2024-08-23T03:03:11.173Z] <<< [apiv2][status] GET https://firebase-public.firebaseio.com/cli.json 200
[debug] [2024-08-23T03:03:11.173Z] <<< [apiv2][body] GET https://firebase-public.firebaseio.com/cli.json {"cloudBuildErrorAfter":1594252800000,"cloudBuildWarnAfter":1590019200000,"defaultNode10After":1594252800000,"minVersion":"3.0.5","node8DeploysDisabledAfter":1613390400000,"node8RuntimeDisabledAfter":1615809600000,"node8WarnAfter":1600128000000}
[debug] [2024-08-23T03:03:11.346Z] <<< [apiv2][status] GET https://firebase.googleapis.com/v1beta1/projects/mastermind2-chaotic-evil 401
[debug] [2024-08-23T03:03:11.347Z] <<< [apiv2][body] GET https://firebase.googleapis.com/v1beta1/projects/mastermind2-chaotic-evil {"error":{"code":401,"message":"Request had invalid authentication credentials. Expected OAuth 2 access token, login cookie or other valid authentication credential. See https://developers.google.com/identity/sign-in/web/devconsole-project.","status":"UNAUTHENTICATED"}}
[debug] [2024-08-23T03:03:11.348Z] HTTP Error: 401, Request had invalid authentication credentials. Expected OAuth 2 access token, login cookie or other valid authentication credential. See https://developers.google.com/identity/sign-in/web/devconsole-project.
[debug] [2024-08-23T03:03:11.448Z] FirebaseError: HTTP Error: 401, Request had invalid authentication credentials. Expected OAuth 2 access token, login cookie or other valid authentication credential. See https://developers.google.com/identity/sign-in/web/devconsole-project.
    at responseToError (/Users/Hei/Documents/studentweb.cencol.ca:tkwok15:/Mini Game/node_modules/firebase-tools/lib/responseToError.js:49:12)
    at RetryOperation._fn (/Users/Hei/Documents/studentweb.cencol.ca:tkwok15:/Mini Game/node_modules/firebase-tools/lib/apiv2.js:285:77)
    at process.processTicksAndRejections (node:internal/process/task_queues:95:5)
[error] 
[error] Error: Failed to get Firebase project mastermind2-chaotic-evil. Please make sure the project exists and your account has permission to access it.
[debug] [2024-08-28T19:13:36.013Z] ----------------------------------------------------------------------
[debug] [2024-08-28T19:13:36.019Z] Command:       /opt/homebrew/Cellar/node/21.1.0/bin/node /Users/Hei/Documents/studentweb.cencol.ca:tkwok15:/Mini Game/node_modules/.bin/firebase init hosting
[debug] [2024-08-28T19:13:36.019Z] CLI Version:   12.5.1
[debug] [2024-08-28T19:13:36.019Z] Platform:      darwin
[debug] [2024-08-28T19:13:36.019Z] Node Version:  v21.1.0
[debug] [2024-08-28T19:13:36.020Z] Time:          Wed Aug 28 2024 15:13:36 GMT-0400 (Eastern Daylight Time)
[debug] [2024-08-28T19:13:36.020Z] ----------------------------------------------------------------------
[debug] 
[debug] [2024-08-28T19:13:36.022Z] >>> [apiv2][query] GET https://firebase-public.firebaseio.com/cli.json [none]
[debug] [2024-08-28T19:13:36.108Z] > command requires scopes: ["email","openid","https://www.googleapis.com/auth/cloudplatformprojects.readonly","https://www.googleapis.com/auth/firebase","https://www.googleapis.com/auth/cloud-platform"]
[debug] [2024-08-28T19:13:36.108Z] > authorizing via signed-in user (heititanic@gmail.com)
[info] 
     ######## #### ########  ######## ########     ###     ######  ########
     ##        ##  ##     ## ##       ##     ##  ##   ##  ##       ##
     ######    ##  ########  ######   ########  #########  ######  ######
     ##        ##  ##    ##  ##       ##     ## ##     ##       ## ##
     ##       #### ##     ## ######## ########  ##     ##  ######  ########

You're about to initialize a Firebase project in this directory:

  /Users/Hei/Documents/studentweb.cencol.ca:tkwok15:/Mini Game

Before we get started, keep in mind:

  * You are initializing within an existing Firebase project directory

[info] 
=== Project Setup
[info] 
[info] First, let's associate this project directory with a Firebase project.
[info] You can create multiple project aliases by running firebase use --add, 
[info] but for now we'll just set up a default project.
[info] 
[debug] [2024-08-28T19:13:36.110Z] Using project from CLI flag: mastermind2-chaotic-evil
[debug] [2024-08-28T19:13:36.110Z] > refreshing access token with scopes: []
[debug] [2024-08-28T19:13:36.111Z] >>> [apiv2][query] POST https://www.googleapis.com/oauth2/v3/token [none]
[debug] [2024-08-28T19:13:36.111Z] >>> [apiv2][body] POST https://www.googleapis.com/oauth2/v3/token [omitted]
[debug] [2024-08-28T19:13:36.196Z] <<< [apiv2][status] GET https://firebase-public.firebaseio.com/cli.json 200
[debug] [2024-08-28T19:13:36.196Z] <<< [apiv2][body] GET https://firebase-public.firebaseio.com/cli.json {"cloudBuildErrorAfter":1594252800000,"cloudBuildWarnAfter":1590019200000,"defaultNode10After":1594252800000,"minVersion":"3.0.5","node8DeploysDisabledAfter":1613390400000,"node8RuntimeDisabledAfter":1615809600000,"node8WarnAfter":1600128000000}
[debug] [2024-08-28T19:13:36.211Z] <<< [apiv2][status] POST https://www.googleapis.com/oauth2/v3/token 400
[debug] [2024-08-28T19:13:36.211Z] <<< [apiv2][body] POST https://www.googleapis.com/oauth2/v3/token [omitted]
[debug] [2024-08-28T19:13:36.211Z] >>> [apiv2][query] GET https://firebase.googleapis.com/v1beta1/projects/mastermind2-chaotic-evil [none]
[debug] [2024-08-28T19:13:36.375Z] <<< [apiv2][status] GET https://firebase.googleapis.com/v1beta1/projects/mastermind2-chaotic-evil 401
[debug] [2024-08-28T19:13:36.375Z] <<< [apiv2][body] GET https://firebase.googleapis.com/v1beta1/projects/mastermind2-chaotic-evil {"error":{"code":401,"message":"Request had invalid authentication credentials. Expected OAuth 2 access token, login cookie or other valid authentication credential. See https://developers.google.com/identity/sign-in/web/devconsole-project.","status":"UNAUTHENTICATED"}}
[debug] [2024-08-28T19:13:36.376Z] HTTP Error: 401, Request had invalid authentication credentials. Expected OAuth 2 access token, login cookie or other valid authentication credential. See https://developers.google.com/identity/sign-in/web/devconsole-project.
[debug] [2024-08-28T19:13:36.470Z] FirebaseError: HTTP Error: 401, Request had invalid authentication credentials. Expected OAuth 2 access token, login cookie or other valid authentication credential. See https://developers.google.com/identity/sign-in/web/devconsole-project.
    at responseToError (/Users/Hei/Documents/studentweb.cencol.ca:tkwok15:/Mini Game/node_modules/firebase-tools/lib/responseToError.js:49:12)
    at RetryOperation._fn (/Users/Hei/Documents/studentweb.cencol.ca:tkwok15:/Mini Game/node_modules/firebase-tools/lib/apiv2.js:285:77)
    at process.processTicksAndRejections (node:internal/process/task_queues:95:5)
[error] 
[error] Error: Failed to get Firebase project mastermind2-chaotic-evil. Please make sure the project exists and your account has permission to access it.
[debug] [2024-08-28T19:14:48.724Z] ----------------------------------------------------------------------
[debug] [2024-08-28T19:14:48.726Z] Command:       /opt/homebrew/Cellar/node/21.1.0/bin/node /Users/Hei/Documents/studentweb.cencol.ca:tkwok15:/Mini Game/node_modules/.bin/firebase deploy
[debug] [2024-08-28T19:14:48.727Z] CLI Version:   12.5.1
[debug] [2024-08-28T19:14:48.727Z] Platform:      darwin
[debug] [2024-08-28T19:14:48.727Z] Node Version:  v21.1.0
[debug] [2024-08-28T19:14:48.727Z] Time:          Wed Aug 28 2024 15:14:48 GMT-0400 (Eastern Daylight Time)
[debug] [2024-08-28T19:14:48.727Z] ----------------------------------------------------------------------
[debug] 
[debug] [2024-08-28T19:14:48.780Z] > command requires scopes: ["email","openid","https://www.googleapis.com/auth/cloudplatformprojects.readonly","https://www.googleapis.com/auth/firebase","https://www.googleapis.com/auth/cloud-platform"]
[debug] [2024-08-28T19:14:48.780Z] > authorizing via signed-in user (heititanic@gmail.com)
[debug] [2024-08-28T19:14:48.780Z] [iam] checking project mastermind2-chaotic-evil for permissions ["firebase.projects.get","firebasehosting.sites.update"]
[debug] [2024-08-28T19:14:48.781Z] > refreshing access token with scopes: []
[debug] [2024-08-28T19:14:48.782Z] >>> [apiv2][query] POST https://www.googleapis.com/oauth2/v3/token [none]
[debug] [2024-08-28T19:14:48.782Z] >>> [apiv2][body] POST https://www.googleapis.com/oauth2/v3/token [omitted]
[debug] [2024-08-28T19:14:48.933Z] <<< [apiv2][status] POST https://www.googleapis.com/oauth2/v3/token 400
[debug] [2024-08-28T19:14:48.933Z] <<< [apiv2][body] POST https://www.googleapis.com/oauth2/v3/token [omitted]
[debug] [2024-08-28T19:14:48.933Z] >>> [apiv2][query] POST https://cloudresourcemanager.googleapis.com/v1/projects/mastermind2-chaotic-evil:testIamPermissions [none]
[debug] [2024-08-28T19:14:48.933Z] >>> [apiv2][(partial)header] POST https://cloudresourcemanager.googleapis.com/v1/projects/mastermind2-chaotic-evil:testIamPermissions x-goog-quota-user=projects/mastermind2-chaotic-evil
[debug] [2024-08-28T19:14:48.933Z] >>> [apiv2][body] POST https://cloudresourcemanager.googleapis.com/v1/projects/mastermind2-chaotic-evil:testIamPermissions {"permissions":["firebase.projects.get","firebasehosting.sites.update"]}
[debug] [2024-08-28T19:14:49.054Z] <<< [apiv2][status] POST https://cloudresourcemanager.googleapis.com/v1/projects/mastermind2-chaotic-evil:testIamPermissions 401
[debug] [2024-08-28T19:14:49.054Z] <<< [apiv2][body] POST https://cloudresourcemanager.googleapis.com/v1/projects/mastermind2-chaotic-evil:testIamPermissions {"error":{"code":401,"message":"Request had invalid authentication credentials. Expected OAuth 2 access token, login cookie or other valid authentication credential. See https://developers.google.com/identity/sign-in/web/devconsole-project.","status":"UNAUTHENTICATED","details":[{"@type":"type.googleapis.com/google.rpc.ErrorInfo","reason":"ACCESS_TOKEN_TYPE_UNSUPPORTED","metadata":{"method":"google.cloudresourcemanager.v1.Projects.TestIamPermissions","service":"cloudresourcemanager.googleapis.com"}}]}}
[debug] [2024-08-28T19:14:49.056Z] [iam] error while checking permissions, command may fail: FirebaseError: HTTP Error: 401, Request had invalid authentication credentials. Expected OAuth 2 access token, login cookie or other valid authentication credential. See https://developers.google.com/identity/sign-in/web/devconsole-project.
[debug] [2024-08-28T19:14:49.056Z] > refreshing access token with scopes: []
[debug] [2024-08-28T19:14:49.057Z] >>> [apiv2][query] POST https://www.googleapis.com/oauth2/v3/token [none]
[debug] [2024-08-28T19:14:49.057Z] >>> [apiv2][body] POST https://www.googleapis.com/oauth2/v3/token [omitted]
[debug] [2024-08-28T19:14:49.109Z] <<< [apiv2][status] POST https://www.googleapis.com/oauth2/v3/token 400
[debug] [2024-08-28T19:14:49.109Z] <<< [apiv2][body] POST https://www.googleapis.com/oauth2/v3/token [omitted]
[debug] [2024-08-28T19:14:49.110Z] >>> [apiv2][query] GET https://firebase.googleapis.com/v1beta1/projects/mastermind2-chaotic-evil [none]
[debug] [2024-08-28T19:14:49.227Z] <<< [apiv2][status] GET https://firebase.googleapis.com/v1beta1/projects/mastermind2-chaotic-evil 401
[debug] [2024-08-28T19:14:49.228Z] <<< [apiv2][body] GET https://firebase.googleapis.com/v1beta1/projects/mastermind2-chaotic-evil {"error":{"code":401,"message":"Request had invalid authentication credentials. Expected OAuth 2 access token, login cookie or other valid authentication credential. See https://developers.google.com/identity/sign-in/web/devconsole-project.","status":"UNAUTHENTICATED"}}
[debug] [2024-08-28T19:14:49.228Z] HTTP Error: 401, Request had invalid authentication credentials. Expected OAuth 2 access token, login cookie or other valid authentication credential. See https://developers.google.com/identity/sign-in/web/devconsole-project.
[debug] [2024-08-28T19:14:49.329Z] FirebaseError: HTTP Error: 401, Request had invalid authentication credentials. Expected OAuth 2 access token, login cookie or other valid authentication credential. See https://developers.google.com/identity/sign-in/web/devconsole-project.
    at responseToError (/Users/Hei/Documents/studentweb.cencol.ca:tkwok15:/Mini Game/node_modules/firebase-tools/lib/responseToError.js:49:12)
    at RetryOperation._fn (/Users/Hei/Documents/studentweb.cencol.ca:tkwok15:/Mini Game/node_modules/firebase-tools/lib/apiv2.js:285:77)
    at process.processTicksAndRejections (node:internal/process/task_queues:95:5)
[error] 
[error] Error: Failed to get Firebase project mastermind2-chaotic-evil. Please make sure the project exists and your account has permission to access it.
[debug] [2024-08-28T19:18:21.490Z] ----------------------------------------------------------------------
[debug] [2024-08-28T19:18:21.492Z] Command:       /opt/homebrew/Cellar/node/21.1.0/bin/node /opt/homebrew/bin/firebase projects:list
[debug] [2024-08-28T19:18:21.493Z] CLI Version:   13.16.0
[debug] [2024-08-28T19:18:21.493Z] Platform:      darwin
[debug] [2024-08-28T19:18:21.493Z] Node Version:  v21.1.0
[debug] [2024-08-28T19:18:21.494Z] Time:          Wed Aug 28 2024 15:18:21 GMT-0400 (Eastern Daylight Time)
[debug] [2024-08-28T19:18:21.494Z] ----------------------------------------------------------------------
[debug] 
[debug] [2024-08-28T19:18:21.555Z] > command requires scopes: ["email","openid","https://www.googleapis.com/auth/cloudplatformprojects.readonly","https://www.googleapis.com/auth/firebase","https://www.googleapis.com/auth/cloud-platform"]
[debug] [2024-08-28T19:18:21.555Z] > authorizing via signed-in user (heititanic@gmail.com)
[debug] [2024-08-28T19:18:21.558Z] > refreshing access token with scopes: []
[debug] [2024-08-28T19:18:21.559Z] >>> [apiv2][query] POST https://www.googleapis.com/oauth2/v3/token [none]
[debug] [2024-08-28T19:18:21.560Z] >>> [apiv2][body] POST https://www.googleapis.com/oauth2/v3/token [omitted]
[debug] [2024-08-28T19:18:21.688Z] <<< [apiv2][status] POST https://www.googleapis.com/oauth2/v3/token 400
[debug] [2024-08-28T19:18:21.689Z] <<< [apiv2][body] POST https://www.googleapis.com/oauth2/v3/token [omitted]
[debug] [2024-08-28T19:18:21.689Z] >>> [apiv2][query] GET https://firebase.googleapis.com/v1beta1/projects pageSize=1000
[debug] [2024-08-28T19:18:21.853Z] <<< [apiv2][status] GET https://firebase.googleapis.com/v1beta1/projects 401
[debug] [2024-08-28T19:18:21.854Z] <<< [apiv2][body] GET https://firebase.googleapis.com/v1beta1/projects [omitted]
[debug] [2024-08-28T19:18:21.855Z] HTTP Error: 401, Request had invalid authentication credentials. Expected OAuth 2 access token, login cookie or other valid authentication credential. See https://developers.google.com/identity/sign-in/web/devconsole-project.
[debug] [2024-08-28T19:18:21.950Z] FirebaseError: HTTP Error: 401, Request had invalid authentication credentials. Expected OAuth 2 access token, login cookie or other valid authentication credential. See https://developers.google.com/identity/sign-in/web/devconsole-project.
    at responseToError (/opt/homebrew/lib/node_modules/firebase-tools/lib/responseToError.js:49:12)
    at RetryOperation._fn (/opt/homebrew/lib/node_modules/firebase-tools/lib/apiv2.js:305:77)
    at process.processTicksAndRejections (node:internal/process/task_queues:95:5)
[error] 
[error] Error: Failed to list Firebase projects. See firebase-debug.log for more info.
